<?xml version="1.0" encoding="UTF-8"?>
<coverage generated="1775694629788" clover="3.2.0">
  <project timestamp="1775694629788" name="All files">
    <metrics statements="12" coveredstatements="2" conditionals="4" coveredconditionals="0" methods="1" coveredmethods="0" elements="17" coveredelements="2" complexity="0" loc="12" ncloc="12" packages="1" files="1" classes="1"/>
    <file name="apiAlimentos.js" path="C:\Users\juand\OneDrive\Documentos\Pagina-ALIMOP - copia\src\routes\apiAlimentos.js">
      <metrics statements="12" coveredstatements="2" conditionals="4" coveredconditionals="0" methods="1" coveredmethods="0"/>
      <line num="4" count="1" type="stmt"/>
      <line num="6" count="1" type="stmt"/>
      <line num="7" count="0" type="stmt"/>
      <line num="8" count="0" type="stmt"/>
      <line num="10" count="0" type="stmt"/>
      <line num="12" count="0" type="cond" truecount="0" falsecount="4"/>
      <line num="13" count="0" type="stmt"/>
      <line num="17" count="0" type="stmt"/>
      <line num="22" count="0" type="stmt"/>
      <line num="23" count="0" type="stmt"/>
      <line num="26" count="0" type="stmt"/>
      <line num="27" count="0" type="stmt"/>
    </file>
  </project>
</coverage>
