{"C:\\Users\\juand\\OneDrive\\Documentos\\Pagina-ALIMOP - copia\\src\\routes\\apiAlimentos.js": {"path":"C:\\Users\\juand\\OneDrive\\Documentos\\Pagina-ALIMOP - copia\\src\\routes\\apiAlimentos.js","statementMap":{"0":{"start":{"line":4,"column":15},"end":{"line":4,"column":23}},"1":{"start":{"line":6,"column":0},"end":{"line":29,"column":3}},"2":{"start":{"line":7,"column":4},"end":{"line":28,"column":5}},"3":{"start":{"line":8,"column":22},"end":{"line":8,"column":31}},"4":{"start":{"line":10,"column":8},"end":{"line":10,"column":45}},"5":{"start":{"line":12,"column":8},"end":{"line":14,"column":9}},"6":{"start":{"line":13,"column":12},"end":{"line":13,"column":32}},"7":{"start":{"line":17,"column":29},"end":{"line":20,"column":9}},"8":{"start":{"line":22,"column":8},"end":{"line":22,"column":59}},"9":{"start":{"line":23,"column":8},"end":{"line":23,"column":29}},"10":{"start":{"line":26,"column":8},"end":{"line":26,"column":51}},"11":{"start":{"line":27,"column":8},"end":{"line":27,"column":64}}},"fnMap":{"0":{"name":"(anonymous_0)","decl":{"start":{"line":6,"column":25},"end":{"line":6,"column":26}},"loc":{"start":{"line":6,"column":45},"end":{"line":29,"column":1}},"line":6}},"branchMap":{"0":{"loc":{"start":{"line":12,"column":8},"end":{"line":14,"column":9}},"type":"if","locations":[{"start":{"line":12,"column":8},"end":{"line":14,"column":9}},{"start":{},"end":{}}],"line":12},"1":{"loc":{"start":{"line":12,"column":12},"end":{"line":12,"column":33}},"type":"binary-expr","locations":[{"start":{"line":12,"column":12},"end":{"line":12,"column":14}},{"start":{"line":12,"column":18},"end":{"line":12,"column":33}}],"line":12}},"s":{"0":1,"1":1,"2":0,"3":0,"4":0,"5":0,"6":0,"7":0,"8":0,"9":0,"10":0,"11":0},"f":{"0":0},"b":{"0":[0,0],"1":[0,0]},"_coverageSchema":"1a1c01bbd47fc00a2c39e90264f33305004495a9","hash":"19cd74478e2a5687be18d5ec4826d0e60e199f17"}
}
